<?xml version="1.0" encoding="UTF-8"?>
<!-- Generated by org.testng.reporters.JUnitReportReporter -->
<testsuite hostname="192.168.1.8" failures="0" tests="2" name="runner.TestRunner" time="42.827" errors="0" timestamp="2025-09-01T17:30:48 GMT+03:00" skipped="0">
  <testcase classname="runner.TestRunner" name="runScenario" time="22.684"/>
  <system-out/>
  <testcase classname="runner.TestRunner" name="runScenario" time="20.143"/>
  <system-out/>
</testsuite> <!-- runner.TestRunner -->
