<?xml version="1.0" encoding="UTF-8"?>
<!-- Generated by org.testng.reporters.JUnitReportReporter -->
<testsuite hostname="192.168.1.8" failures="0" tests="2" name="runner.ParallelTestRunner" time="43.031" errors="0" timestamp="2025-09-01T17:30:48 GMT+03:00" skipped="0">
  <testcase classname="runner.ParallelTestRunner" name="runScenario" time="22.731"/>
  <system-out/>
  <testcase classname="runner.ParallelTestRunner" name="runScenario" time="20.300"/>
  <system-out/>
</testsuite> <!-- runner.ParallelTestRunner -->
