<?xml version="1.0" encoding="UTF-8"?>
<!-- Generated by org.testng.reporters.JUnitReportReporter -->
<testsuite hostname="192.168.1.103" failures="0" tests="1" name="runner.ParallelTestRunner" time="0.046" errors="0" timestamp="2025-09-06T15:59:46 GMT+03:00" skipped="0">
  <testcase classname="runner.ParallelTestRunner" name="runScenario" time="0.046"/>
  <system-out/>
</testsuite> <!-- runner.ParallelTestRunner -->
